[0m2021.09.21 07:32:49 INFO  Started: Metals version 0.10.7 in workspace 'C:\xampp\htdocs\Web-Experts' for client Visual Studio Code 1.60.1.[0m
[0m2021.09.21 07:32:49 INFO  time: initialize in 0.65s[0m
[0m2021.09.21 07:32:50 WARN  Build server is not auto-connectable.[0m
[0m2021.09.21 07:32:50 WARN  no build tool detected in workspace 'C:\xampp\htdocs\Web-Experts'. The most common cause for this problem is that the editor was opened in the wrong working directory, for example if you use sbt then the workspace directory should contain build.sbt. [0m
[0m2021.09.21 08:34:16 INFO  shutting down Metals[0m
[0m2021.09.22 06:43:35 INFO  Started: Metals version 0.10.7 in workspace 'C:\xampp\htdocs\Web-Experts' for client Visual Studio Code 1.60.1.[0m
[0m2021.09.22 06:43:37 INFO  time: initialize in 1.58s[0m
[0m2021.09.22 06:43:39 WARN  Build server is not auto-connectable.[0m
[0m2021.09.22 06:43:39 WARN  no build tool detected in workspace 'C:\xampp\htdocs\Web-Experts'. The most common cause for this problem is that the editor was opened in the wrong working directory, for example if you use sbt then the workspace directory should contain build.sbt. [0m
Sep 22, 2021 6:47:14 AM org.eclipse.lsp4j.jsonrpc.services.GenericEndpoint notify
INFO: Unsupported notification method: $/setTrace
[0m2021.09.22 12:28:30 INFO  shutting down Metals[0m
[0m2021.09.22 15:29:31 INFO  Started: Metals version 0.10.7 in workspace 'C:\xampp\htdocs\Web-Experts' for client Visual Studio Code 1.60.1.[0m
[0m2021.09.22 15:29:32 INFO  time: initialize in 0.73s[0m
[0m2021.09.22 15:29:34 WARN  Build server is not auto-connectable.[0m
[0m2021.09.22 15:29:34 WARN  no build tool detected in workspace 'C:\xampp\htdocs\Web-Experts'. The most common cause for this problem is that the editor was opened in the wrong working directory, for example if you use sbt then the workspace directory should contain build.sbt. [0m
[0m2021.09.22 15:41:22 INFO  shutting down Metals[0m
[0m2021.09.23 09:11:16 INFO  Started: Metals version 0.10.7 in workspace 'C:\xampp\htdocs\Web-Experts' for client Visual Studio Code 1.60.1.[0m
[0m2021.09.23 09:11:17 INFO  time: initialize in 0.67s[0m
[0m2021.09.23 09:11:18 WARN  Build server is not auto-connectable.[0m
[0m2021.09.23 09:11:18 WARN  no build tool detected in workspace 'C:\xampp\htdocs\Web-Experts'. The most common cause for this problem is that the editor was opened in the wrong working directory, for example if you use sbt then the workspace directory should contain build.sbt. [0m
[0m2021.09.23 09:22:36 INFO  shutting down Metals[0m
[0m2021.09.24 19:21:15 INFO  Started: Metals version 0.10.7 in workspace 'C:\xampp\htdocs\Web-Experts' for client Visual Studio Code 1.60.2.[0m
[0m2021.09.24 19:21:17 INFO  time: initialize in 1.78s[0m
[0m2021.09.24 19:21:19 WARN  Build server is not auto-connectable.[0m
[0m2021.09.24 19:21:19 WARN  no build tool detected in workspace 'C:\xampp\htdocs\Web-Experts'. The most common cause for this problem is that the editor was opened in the wrong working directory, for example if you use sbt then the workspace directory should contain build.sbt. [0m
Sep 24, 2021 8:04:13 PM org.eclipse.lsp4j.jsonrpc.services.GenericEndpoint notify
INFO: Unsupported notification method: $/setTrace
[0m2021.09.24 22:19:00 INFO  shutting down Metals[0m
[0m2021.09.27 16:18:22 INFO  Started: Metals version 0.10.7 in workspace 'C:\xampp\htdocs\Web-Experts' for client Visual Studio Code 1.60.2.[0m
[0m2021.09.27 16:18:23 INFO  time: initialize in 1.45s[0m
[0m2021.09.27 16:18:25 WARN  Build server is not auto-connectable.[0m
[0m2021.09.27 16:18:25 WARN  no build tool detected in workspace 'C:\xampp\htdocs\Web-Experts'. The most common cause for this problem is that the editor was opened in the wrong working directory, for example if you use sbt then the workspace directory should contain build.sbt. [0m
Sep 27, 2021 6:59:11 PM org.eclipse.lsp4j.jsonrpc.services.GenericEndpoint notify
INFO: Unsupported notification method: $/setTrace
[0m2021.09.27 19:28:14 INFO  shutting down Metals[0m
[0m2021.09.30 15:22:19 INFO  Started: Metals version 0.10.7 in workspace 'C:\xampp\htdocs\Web-Experts' for client Visual Studio Code 1.60.2.[0m
[0m2021.09.30 15:22:22 INFO  time: initialize in 3.85s[0m
[0m2021.09.30 15:22:27 WARN  Build server is not auto-connectable.[0m
[0m2021.09.30 15:22:27 WARN  no build tool detected in workspace 'C:\xampp\htdocs\Web-Experts'. The most common cause for this problem is that the editor was opened in the wrong working directory, for example if you use sbt then the workspace directory should contain build.sbt. [0m
Sep 30, 2021 3:24:18 PM org.eclipse.lsp4j.jsonrpc.services.GenericEndpoint notify
INFO: Unsupported notification method: $/setTrace
[0m2021.09.30 15:36:44 INFO  shutting down Metals[0m
[0m2021.10.01 07:01:30 INFO  Started: Metals version 0.10.7 in workspace 'C:\xampp\htdocs\Web-Experts' for client Visual Studio Code 1.60.2.[0m
[0m2021.10.01 07:01:32 INFO  time: initialize in 1.33s[0m
[0m2021.10.01 07:01:33 WARN  Build server is not auto-connectable.[0m
[0m2021.10.01 07:01:33 WARN  no build tool detected in workspace 'C:\xampp\htdocs\Web-Experts'. The most common cause for this problem is that the editor was opened in the wrong working directory, for example if you use sbt then the workspace directory should contain build.sbt. [0m
Oct 01, 2021 11:20:07 AM org.eclipse.lsp4j.jsonrpc.services.GenericEndpoint notify
INFO: Unsupported notification method: $/setTrace
[0m2021.10.01 12:45:47 INFO  shutting down Metals[0m
[0m2021.10.01 14:30:29 INFO  Started: Metals version 0.10.7 in workspace 'C:\xampp\htdocs\Web-Experts' for client Visual Studio Code 1.60.2.[0m
[0m2021.10.01 14:30:30 INFO  time: initialize in 1.07s[0m
[0m2021.10.01 14:30:31 WARN  Build server is not auto-connectable.[0m
[0m2021.10.01 14:30:31 WARN  no build tool detected in workspace 'C:\xampp\htdocs\Web-Experts'. The most common cause for this problem is that the editor was opened in the wrong working directory, for example if you use sbt then the workspace directory should contain build.sbt. [0m
[0m2021.10.01 15:55:15 INFO  shutting down Metals[0m
[0m2021.10.02 08:54:17 INFO  Started: Metals version 0.10.7 in workspace 'C:\xampp\htdocs\Web-Experts' for client Visual Studio Code 1.60.2.[0m
[0m2021.10.02 08:54:18 INFO  time: initialize in 1.58s[0m
[0m2021.10.02 08:54:20 WARN  Build server is not auto-connectable.[0m
[0m2021.10.02 08:54:20 WARN  no build tool detected in workspace 'C:\xampp\htdocs\Web-Experts'. The most common cause for this problem is that the editor was opened in the wrong working directory, for example if you use sbt then the workspace directory should contain build.sbt. [0m
[0m2021.10.02 10:03:21 INFO  shutting down Metals[0m
[0m2021.10.02 20:07:01 INFO  Started: Metals version 0.10.7 in workspace 'C:\xampp\htdocs\Web-Experts' for client Visual Studio Code 1.60.2.[0m
[0m2021.10.02 20:07:02 INFO  time: initialize in 0.83s[0m
[0m2021.10.02 20:07:04 WARN  Build server is not auto-connectable.[0m
[0m2021.10.02 20:07:04 WARN  no build tool detected in workspace 'C:\xampp\htdocs\Web-Experts'. The most common cause for this problem is that the editor was opened in the wrong working directory, for example if you use sbt then the workspace directory should contain build.sbt. [0m
Oct 02, 2021 8:13:32 PM org.eclipse.lsp4j.jsonrpc.services.GenericEndpoint notify
INFO: Unsupported notification method: $/setTrace
[0m2021.10.02 21:57:44 INFO  shutting down Metals[0m
[0m2021.10.03 05:50:15 INFO  Started: Metals version 0.10.7 in workspace 'C:\xampp\htdocs\Web-Experts' for client Visual Studio Code 1.60.2.[0m
[0m2021.10.03 05:50:16 INFO  time: initialize in 0.8s[0m
[0m2021.10.03 05:50:17 WARN  Build server is not auto-connectable.[0m
[0m2021.10.03 05:50:17 WARN  no build tool detected in workspace 'C:\xampp\htdocs\Web-Experts'. The most common cause for this problem is that the editor was opened in the wrong working directory, for example if you use sbt then the workspace directory should contain build.sbt. [0m
[0m2021.10.03 09:15:44 INFO  shutting down Metals[0m
[0m2021.10.03 22:20:54 INFO  Started: Metals version 0.10.7 in workspace 'C:\xampp\htdocs\Web-Experts' for client Visual Studio Code 1.60.2.[0m
[0m2021.10.03 22:20:55 INFO  time: initialize in 0.93s[0m
[0m2021.10.03 22:20:56 WARN  Build server is not auto-connectable.[0m
[0m2021.10.03 22:20:56 WARN  no build tool detected in workspace 'C:\xampp\htdocs\Web-Experts'. The most common cause for this problem is that the editor was opened in the wrong working directory, for example if you use sbt then the workspace directory should contain build.sbt. [0m
[0m2021.10.03 22:21:00 INFO  shutting down Metals[0m
[0m2021.10.04 07:32:24 INFO  Started: Metals version 0.10.7 in workspace 'C:\xampp\htdocs\Web-Experts' for client Visual Studio Code 1.60.2.[0m
[0m2021.10.04 07:32:25 INFO  time: initialize in 0.64s[0m
[0m2021.10.04 07:32:26 WARN  Build server is not auto-connectable.[0m
[0m2021.10.04 07:32:26 WARN  no build tool detected in workspace 'C:\xampp\htdocs\Web-Experts'. The most common cause for this problem is that the editor was opened in the wrong working directory, for example if you use sbt then the workspace directory should contain build.sbt. [0m
[0m2021.10.05 06:11:13 INFO  Started: Metals version 0.10.7 in workspace 'C:\xampp\htdocs\Web-Experts' for client Visual Studio Code 1.60.2.[0m
[0m2021.10.05 06:11:14 INFO  time: initialize in 1.13s[0m
[0m2021.10.05 06:11:21 WARN  Build server is not auto-connectable.[0m
[0m2021.10.05 06:11:21 WARN  no build tool detected in workspace 'C:\xampp\htdocs\Web-Experts'. The most common cause for this problem is that the editor was opened in the wrong working directory, for example if you use sbt then the workspace directory should contain build.sbt. [0m
[0m2021.10.05 06:25:48 INFO  shutting down Metals[0m
[0m2021.10.05 14:41:36 INFO  Started: Metals version 0.10.7 in workspace 'C:\xampp\htdocs\Web-Experts' for client Visual Studio Code 1.60.2.[0m
[0m2021.10.05 14:41:37 INFO  time: initialize in 0.94s[0m
[0m2021.10.05 14:41:38 WARN  Build server is not auto-connectable.[0m
[0m2021.10.05 14:41:38 WARN  no build tool detected in workspace 'C:\xampp\htdocs\Web-Experts'. The most common cause for this problem is that the editor was opened in the wrong working directory, for example if you use sbt then the workspace directory should contain build.sbt. [0m
[0m2021.10.05 23:48:53 INFO  shutting down Metals[0m
[0m2021.10.06 04:41:00 INFO  Started: Metals version 0.10.7 in workspace 'C:\xampp\htdocs\Web-Experts' for client Visual Studio Code 1.60.2.[0m
[0m2021.10.06 04:41:02 INFO  time: initialize in 2.38s[0m
[0m2021.10.06 04:41:04 WARN  Build server is not auto-connectable.[0m
[0m2021.10.06 04:41:04 WARN  no build tool detected in workspace 'C:\xampp\htdocs\Web-Experts'. The most common cause for this problem is that the editor was opened in the wrong working directory, for example if you use sbt then the workspace directory should contain build.sbt. [0m
Oct 06, 2021 5:18:21 AM org.eclipse.lsp4j.jsonrpc.services.GenericEndpoint notify
INFO: Unsupported notification method: $/setTrace
[0m2021.10.06 05:18:28 INFO  shutting down Metals[0m
[0m2021.10.06 15:05:33 INFO  Started: Metals version 0.10.7 in workspace 'C:\xampp\htdocs\Web-Experts' for client Visual Studio Code 1.60.2.[0m
[0m2021.10.06 15:05:34 INFO  time: initialize in 0.73s[0m
[0m2021.10.06 15:05:36 WARN  Build server is not auto-connectable.[0m
[0m2021.10.06 15:05:36 WARN  no build tool detected in workspace 'C:\xampp\htdocs\Web-Experts'. The most common cause for this problem is that the editor was opened in the wrong working directory, for example if you use sbt then the workspace directory should contain build.sbt. [0m
Oct 06, 2021 3:07:02 PM org.eclipse.lsp4j.jsonrpc.services.GenericEndpoint notify
INFO: Unsupported notification method: $/setTrace
[0m2021.10.06 22:57:41 INFO  shutting down Metals[0m
[0m2021.10.09 13:04:23 INFO  Started: Metals version 0.10.7 in workspace 'C:\xampp\htdocs\Web-Experts' for client Visual Studio Code 1.61.0.[0m
[0m2021.10.09 13:04:24 INFO  time: initialize in 0.98s[0m
[0m2021.10.09 13:04:26 WARN  Build server is not auto-connectable.[0m
[0m2021.10.09 13:04:26 WARN  no build tool detected in workspace 'C:\xampp\htdocs\Web-Experts'. The most common cause for this problem is that the editor was opened in the wrong working directory, for example if you use sbt then the workspace directory should contain build.sbt. [0m
[0m2021.10.09 14:30:14 INFO  shutting down Metals[0m
[0m2021.10.10 07:05:54 INFO  Started: Metals version 0.10.7 in workspace 'C:\xampp\htdocs\Web-Experts' for client Visual Studio Code 1.61.0.[0m
[0m2021.10.10 07:05:54 INFO  time: initialize in 0.63s[0m
[0m2021.10.10 07:05:56 WARN  Build server is not auto-connectable.[0m
[0m2021.10.10 07:05:56 WARN  no build tool detected in workspace 'C:\xampp\htdocs\Web-Experts'. The most common cause for this problem is that the editor was opened in the wrong working directory, for example if you use sbt then the workspace directory should contain build.sbt. [0m
[0m2021.10.10 08:39:34 INFO  shutting down Metals[0m
[0m2021.10.10 15:04:45 INFO  Started: Metals version 0.10.7 in workspace 'C:\xampp\htdocs\Web-Experts' for client Visual Studio Code 1.61.0.[0m
[0m2021.10.10 15:04:45 INFO  time: initialize in 0.55s[0m
[0m2021.10.10 15:04:46 WARN  Build server is not auto-connectable.[0m
[0m2021.10.10 15:04:46 WARN  no build tool detected in workspace 'C:\xampp\htdocs\Web-Experts'. The most common cause for this problem is that the editor was opened in the wrong working directory, for example if you use sbt then the workspace directory should contain build.sbt. [0m
Oct 10, 2021 8:00:47 PM org.eclipse.lsp4j.jsonrpc.services.GenericEndpoint notify
INFO: Unsupported notification method: $/setTrace
[0m2021.10.10 20:42:48 INFO  shutting down Metals[0m
[0m2021.10.11 07:31:29 INFO  Started: Metals version 0.10.7 in workspace 'C:\xampp\htdocs\Web-Experts' for client Visual Studio Code 1.61.0.[0m
[0m2021.10.11 07:31:30 INFO  time: initialize in 0.79s[0m
[0m2021.10.11 07:31:31 WARN  Build server is not auto-connectable.[0m
[0m2021.10.11 07:31:31 WARN  no build tool detected in workspace 'C:\xampp\htdocs\Web-Experts'. The most common cause for this problem is that the editor was opened in the wrong working directory, for example if you use sbt then the workspace directory should contain build.sbt. [0m
[0m2021.10.11 10:36:12 INFO  shutting down Metals[0m
